<?xml version="1.0" encoding="UTF-8"?>
<testng-results skipped="0" failed="0" total="1" passed="1">
  <reporter-output>
  </reporter-output>
  <suite name="Default suite" duration-ms="34220" started-at="2019-02-08T07:59:36Z" finished-at="2019-02-08T08:00:11Z">
    <groups>
    </groups>
    <test name="Default test" duration-ms="34220" started-at="2019-02-08T07:59:36Z" finished-at="2019-02-08T08:00:11Z">
      <class name="webtableConcepts.WebtableList">
        <test-method status="PASS" signature="getDataFromWebtable()[pri:0, instance:webtableConcepts.WebtableList@5f375618]" name="getDataFromWebtable" duration-ms="34157" started-at="2019-02-08T13:29:37Z" finished-at="2019-02-08T13:30:11Z">
          <reporter-output>
          </reporter-output>
        </test-method> <!-- getDataFromWebtable -->
      </class> <!-- webtableConcepts.WebtableList -->
    </test> <!-- Default test -->
  </suite> <!-- Default suite -->
</testng-results>
